<?xml version="1.0" encoding="UTF-8"?>
<!-- Generated by org.testng.reporters.JUnitReportReporter -->
<testsuite hostname="admin-PC" failures="0" tests="3" name="com.qa.testng.DemoTestngAnnotations" time="0.012" errors="0" timestamp="25 Feb 2021 18:17:24 GMT" skipped="0">
  <testcase classname="com.qa.testng.DemoTestngAnnotations" name="login" time="0.002"/>
  <testcase classname="com.qa.testng.DemoTestngAnnotations" name="homepage" time="0.007"/>
  <testcase classname="com.qa.testng.DemoTestngAnnotations" name="registration" time="0.003"/>
</testsuite> <!-- com.qa.testng.DemoTestngAnnotations -->
