<?xml version="1.0" encoding="UTF-8"?>
<!-- Generated by org.testng.reporters.JUnitReportReporter -->
<testsuite hostname="admin-PC" failures="0" tests="3" name="com.qa.testng.DemoTestngAnnotationsclass" time="0.006" errors="0" timestamp="25 Feb 2021 18:17:24 GMT" skipped="0">
  <testcase classname="com.qa.testng.DemoTestngAnnotationsclass" name="registration" time="0.002"/>
  <testcase classname="com.qa.testng.DemoTestngAnnotationsclass" name="login" time="0.002"/>
  <testcase classname="com.qa.testng.DemoTestngAnnotationsclass" name="homepage" time="0.002"/>
</testsuite> <!-- com.qa.testng.DemoTestngAnnotationsclass -->
